<?xml version="1.0" encoding="UTF-8"?>
<!-- Generated by org.testng.reporters.JUnitXMLReporter -->
<testsuite ignored="3" hostname="JuhiSingh_1511" failures="2" tests="4" name="Test1" time="55.236" errors="0" timestamp="2024-11-05T12:01:51 IST">
  <testcase classname="miniproject.Books" name="testScript" time="1.628"/>
  <testcase classname="miniproject.Electronics" name="testScript2" time="1.111"/>
  <testcase classname="miniproject.Computers" name="testScript1" time="1.569">
    <failure type="java.lang.AssertionError" message="Computers page not displayed expected [Demo Web Shop.] but found [Demo Web Shop. Computers]">
      <![CDATA[java.lang.AssertionError: Computers page not displayed expected [Demo Web Shop.] but found [Demo Web Shop. Computers]
at miniproject.Computers.testScript1(Computers.java:21)
at java.base/java.util.ArrayList.forEach(ArrayList.java:1597)
... Removed 30 stack frames]]>
    </failure>
  </testcase> <!-- testScript1 -->
  <testcase classname="miniproject.GiftCards" name="testScript3" time="2.057">
    <failure type="java.lang.AssertionError" message="GiftCards page not displayed expected [Demo Web Shop.] but found [Demo Web Shop. Gift Cards]">
      <![CDATA[java.lang.AssertionError: GiftCards page not displayed expected [Demo Web Shop.] but found [Demo Web Shop. Gift Cards]
at miniproject.GiftCards.testScript3(GiftCards.java:19)
at java.base/java.util.ArrayList.forEach(ArrayList.java:1597)
... Removed 30 stack frames]]>
    </failure>
  </testcase> <!-- testScript3 -->
  <testcase classname="miniproject.BaseClass" name="@BeforeTest objectCreation" time="0.0">
    <ignored/>
  </testcase> <!-- @BeforeTest objectCreation -->
  <testcase classname="miniproject.BaseClass" name="@BeforeTest objectCreation" time="0.0">
    <ignored/>
  </testcase> <!-- @BeforeTest objectCreation -->
  <testcase classname="miniproject.BaseClass" name="@BeforeTest objectCreation" time="0.0">
    <ignored/>
  </testcase> <!-- @BeforeTest objectCreation -->
</testsuite> <!-- Test1 -->
