<?xml version="1.0" encoding="UTF-8"?>
<!-- Generated by org.testng.reporters.JUnitXMLReporter -->
<testsuite ignored="0" hostname="JuhiSingh_1511" failures="0" tests="0" time="0.054" errors="0" timestamp="2024-11-03T22:33:48 IST">
  <testcase classname="miniproject.BaseClass" name="@BeforeTest objectCreation" time="0.01">
    <failure type="java.io.FileNotFoundException" message=".\miniproject\commonData.properties (The system cannot find the path specified)">
      <![CDATA[java.io.FileNotFoundException: .\miniproject\commonData.properties (The system cannot find the path specified)
at java.base/java.io.FileInputStream.open0(Native Method)
at java.base/java.io.FileInputStream.open(FileInputStream.java:213)
at java.base/java.io.FileInputStream.<init>(FileInputStream.java:152)
at java.base/java.io.FileInputStream.<init>(FileInputStream.java:106)
at miniproject.BaseClass.objectCreation(BaseClass.java:24)
at java.base/java.util.concurrent.FutureTask.run(FutureTask.java:317)
at java.base/java.util.concurrent.ThreadPoolExecutor.runWorker(ThreadPoolExecutor.java:1144)
at java.base/java.util.concurrent.ThreadPoolExecutor$Worker.run(ThreadPoolExecutor.java:642)
at java.base/java.lang.Thread.run(Thread.java:1570)
... Removed 13 stack frames]]>
    </failure>
  </testcase> <!-- @BeforeTest objectCreation -->
  <testcase classname="miniproject.BaseClass" name="@BeforeTest objectCreation" time="0.01">
    <failure type="java.io.FileNotFoundException" message=".\miniproject\commonData.properties (The system cannot find the path specified)">
      <![CDATA[java.io.FileNotFoundException: .\miniproject\commonData.properties (The system cannot find the path specified)
at java.base/java.io.FileInputStream.open0(Native Method)
at java.base/java.io.FileInputStream.open(FileInputStream.java:213)
at java.base/java.io.FileInputStream.<init>(FileInputStream.java:152)
at java.base/java.io.FileInputStream.<init>(FileInputStream.java:106)
at miniproject.BaseClass.objectCreation(BaseClass.java:24)
at java.base/java.util.concurrent.FutureTask.run(FutureTask.java:317)
at java.base/java.util.concurrent.ThreadPoolExecutor.runWorker(ThreadPoolExecutor.java:1144)
at java.base/java.util.concurrent.ThreadPoolExecutor$Worker.run(ThreadPoolExecutor.java:642)
at java.base/java.lang.Thread.run(Thread.java:1570)
... Removed 13 stack frames]]>
    </failure>
  </testcase> <!-- @BeforeTest objectCreation -->
</testsuite>
